0 silly input []
1 silly flags { _: [ 'bootstrap' ],
1 silly flags   'reject-cycles': false,
1 silly flags   rejectCycles: false,
1 silly flags   args: [] }
2 verbose rootPath C:\projects\mobx-forms
3 info version 2.11.0
4 silly existsSync C:\projects\mobx-forms\VERSION
5 silly initialize attempt
6 silly npmConfig { registry: undefined,
6 silly npmConfig   npmClient: undefined,
6 silly npmConfig   npmClientArgs: undefined,
6 silly npmConfig   mutex: undefined }
7 silly initialize success
8 silly execute attempt
9 info Bootstrapping 2 packages
10 info lifecycle preinstall
11 silly runScript preinstall mobx-forms-models
12 silly mobx-forms-models
13 silly runScript preinstall mobx-forms-material
14 silly mobx-forms-material
15 silly hasMatchingDependency mobx-forms-material mobx-forms-models
16 silly hasDependencyInstalled mobx-forms-material babel-polyfill
17 silly dependencyIsSatisfied [ 'babel-polyfill',
17 silly dependencyIsSatisfied   '^6.26.0',
17 silly dependencyIsSatisfied   'C:\\projects\\mobx-forms\\packages\\mobx-forms-material\\node_modules' ]
18 verbose dependencyIsSatisfied babel-polyfill true
19 silly hasDependencyInstalled mobx-forms-material cypress
20 silly dependencyIsSatisfied [ 'cypress',
20 silly dependencyIsSatisfied   '^3.0.1',
20 silly dependencyIsSatisfied   'C:\\projects\\mobx-forms\\packages\\mobx-forms-material\\node_modules' ]
21 verbose dependencyIsSatisfied cypress true
22 silly hasDependencyInstalled mobx-forms-material typescript
23 silly dependencyIsSatisfied [ 'typescript',
23 silly dependencyIsSatisfied   '^2.9.2',
23 silly dependencyIsSatisfied   'C:\\projects\\mobx-forms\\packages\\mobx-forms-material\\node_modules' ]
24 verbose dependencyIsSatisfied typescript true
25 silly hasDependencyInstalled mobx-forms-material @material-ui/core
26 silly dependencyIsSatisfied [ '@material-ui/core',
26 silly dependencyIsSatisfied   '^1.2.2',
26 silly dependencyIsSatisfied   'C:\\projects\\mobx-forms\\packages\\mobx-forms-material\\node_modules' ]
27 verbose dependencyIsSatisfied @material-ui/core true
28 silly hasDependencyInstalled mobx-forms-material @material-ui/icons
29 silly dependencyIsSatisfied [ '@material-ui/icons',
29 silly dependencyIsSatisfied   '^1.1.0',
29 silly dependencyIsSatisfied   'C:\\projects\\mobx-forms\\packages\\mobx-forms-material\\node_modules' ]
30 verbose dependencyIsSatisfied @material-ui/icons true
31 silly hasDependencyInstalled mobx-forms-material @mobx-forms/mobx-forms-models
32 silly dependencyIsSatisfied [ '@mobx-forms/mobx-forms-models',
32 silly dependencyIsSatisfied   '1.0.0',
32 silly dependencyIsSatisfied   'C:\\projects\\mobx-forms\\packages\\mobx-forms-material\\node_modules' ]
33 verbose dependencyIsSatisfied @mobx-forms/mobx-forms-models false
34 silly hasDependencyInstalled mobx-forms-material mobx
35 silly dependencyIsSatisfied [ 'mobx',
35 silly dependencyIsSatisfied   '^5.0.3',
35 silly dependencyIsSatisfied   'C:\\projects\\mobx-forms\\packages\\mobx-forms-material\\node_modules' ]
36 verbose dependencyIsSatisfied mobx true
37 silly hasDependencyInstalled mobx-forms-models mobx
38 silly dependencyIsSatisfied [ 'mobx',
38 silly dependencyIsSatisfied   '^3.0.0',
38 silly dependencyIsSatisfied   'C:\\projects\\mobx-forms\\packages\\mobx-forms-models\\node_modules' ]
39 verbose dependencyIsSatisfied mobx true
40 silly hasDependencyInstalled mobx-forms-material mobx-react
41 silly dependencyIsSatisfied [ 'mobx-react',
41 silly dependencyIsSatisfied   '^5.2.3',
41 silly dependencyIsSatisfied   'C:\\projects\\mobx-forms\\packages\\mobx-forms-material\\node_modules' ]
42 verbose dependencyIsSatisfied mobx-react true
43 silly hasDependencyInstalled mobx-forms-material react
44 silly dependencyIsSatisfied [ 'react',
44 silly dependencyIsSatisfied   '^16.4.1',
44 silly dependencyIsSatisfied   'C:\\projects\\mobx-forms\\packages\\mobx-forms-material\\node_modules' ]
45 verbose dependencyIsSatisfied react true
46 silly hasDependencyInstalled mobx-forms-material react-dom
47 silly dependencyIsSatisfied [ 'react-dom',
47 silly dependencyIsSatisfied   '^16.4.1',
47 silly dependencyIsSatisfied   'C:\\projects\\mobx-forms\\packages\\mobx-forms-material\\node_modules' ]
48 verbose dependencyIsSatisfied react-dom true
49 silly hasDependencyInstalled mobx-forms-material react-select
50 silly dependencyIsSatisfied [ 'react-select',
50 silly dependencyIsSatisfied   '^1.2.1',
50 silly dependencyIsSatisfied   'C:\\projects\\mobx-forms\\packages\\mobx-forms-material\\node_modules' ]
51 verbose dependencyIsSatisfied react-select true
52 silly hasDependencyInstalled mobx-forms-models @types/lodash
53 silly dependencyIsSatisfied [ '@types/lodash',
53 silly dependencyIsSatisfied   '^4.14.110',
53 silly dependencyIsSatisfied   'C:\\projects\\mobx-forms\\packages\\mobx-forms-models\\node_modules' ]
54 verbose dependencyIsSatisfied @types/lodash true
55 silly hasDependencyInstalled mobx-forms-models lodash
56 silly dependencyIsSatisfied [ 'lodash',
56 silly dependencyIsSatisfied   '^4.17.10',
56 silly dependencyIsSatisfied   'C:\\projects\\mobx-forms\\packages\\mobx-forms-models\\node_modules' ]
57 verbose dependencyIsSatisfied lodash true
58 silly root dependencies []
59 silly leaf dependencies {
59 silly leaf dependencies   "mobx-forms-material": [
59 silly leaf dependencies     {
59 silly leaf dependencies       "dependency": "babel-polyfill@^6.26.0",
59 silly leaf dependencies       "isSatisfied": true
59 silly leaf dependencies     },
59 silly leaf dependencies     {
59 silly leaf dependencies       "dependency": "cypress@^3.0.1",
59 silly leaf dependencies       "isSatisfied": true
59 silly leaf dependencies     },
59 silly leaf dependencies     {
59 silly leaf dependencies       "dependency": "typescript@^2.9.2",
59 silly leaf dependencies       "isSatisfied": true
59 silly leaf dependencies     },
59 silly leaf dependencies     {
59 silly leaf dependencies       "dependency": "@material-ui/core@^1.2.2",
59 silly leaf dependencies       "isSatisfied": true
59 silly leaf dependencies     },
59 silly leaf dependencies     {
59 silly leaf dependencies       "dependency": "@material-ui/icons@^1.1.0",
59 silly leaf dependencies       "isSatisfied": true
59 silly leaf dependencies     },
59 silly leaf dependencies     {
59 silly leaf dependencies       "dependency": "@mobx-forms/mobx-forms-models@1.0.0",
59 silly leaf dependencies       "isSatisfied": false
59 silly leaf dependencies     },
59 silly leaf dependencies     {
59 silly leaf dependencies       "dependency": "mobx@^5.0.3",
59 silly leaf dependencies       "isSatisfied": true
59 silly leaf dependencies     },
59 silly leaf dependencies     {
59 silly leaf dependencies       "dependency": "mobx-react@^5.2.3",
59 silly leaf dependencies       "isSatisfied": true
59 silly leaf dependencies     },
59 silly leaf dependencies     {
59 silly leaf dependencies       "dependency": "react@^16.4.1",
59 silly leaf dependencies       "isSatisfied": true
59 silly leaf dependencies     },
59 silly leaf dependencies     {
59 silly leaf dependencies       "dependency": "react-dom@^16.4.1",
59 silly leaf dependencies       "isSatisfied": true
59 silly leaf dependencies     },
59 silly leaf dependencies     {
59 silly leaf dependencies       "dependency": "react-select@^1.2.1",
59 silly leaf dependencies       "isSatisfied": true
59 silly leaf dependencies     }
59 silly leaf dependencies   ],
59 silly leaf dependencies   "mobx-forms-models": [
59 silly leaf dependencies     {
59 silly leaf dependencies       "dependency": "mobx@^3.0.0",
59 silly leaf dependencies       "isSatisfied": true
59 silly leaf dependencies     },
59 silly leaf dependencies     {
59 silly leaf dependencies       "dependency": "@types/lodash@^4.14.110",
59 silly leaf dependencies       "isSatisfied": true
59 silly leaf dependencies     },
59 silly leaf dependencies     {
59 silly leaf dependencies       "dependency": "lodash@^4.17.10",
59 silly leaf dependencies       "isSatisfied": true
59 silly leaf dependencies     }
59 silly leaf dependencies   ]
59 silly leaf dependencies }
60 info Installing external dependencies
61 verbose actions 1 actions, concurrency 4
62 silly installInDir mobx-forms-material [ 'babel-polyfill@^6.26.0',
62 silly installInDir   'cypress@^3.0.1',
62 silly installInDir   'typescript@^2.9.2',
62 silly installInDir   '@material-ui/core@^1.2.2',
62 silly installInDir   '@material-ui/icons@^1.1.0',
62 silly installInDir   '@mobx-forms/mobx-forms-models@1.0.0',
62 silly installInDir   'mobx@^5.0.3',
62 silly installInDir   'mobx-react@^5.2.3',
62 silly installInDir   'react@^16.4.1',
62 silly installInDir   'react-dom@^16.4.1',
62 silly installInDir   'react-select@^1.2.1' ]
63 silly installInDir backup C:\projects\mobx-forms\packages\mobx-forms-material\package.json
64 silly rename [ 'C:\\projects\\mobx-forms\\packages\\mobx-forms-material\\package.json',
64 silly rename   'C:\\projects\\mobx-forms\\packages\\mobx-forms-material\\package.json.lerna_backup' ]
65 silly installInDir writing tempJson { dependencies:
65 silly installInDir    { 'babel-polyfill': '^6.26.0',
65 silly installInDir      cypress: '^3.0.1',
65 silly installInDir      typescript: '^2.9.2',
65 silly installInDir      '@material-ui/core': '^1.2.2',
65 silly installInDir      '@material-ui/icons': '^1.1.0',
65 silly installInDir      '@mobx-forms/mobx-forms-models': '1.0.0',
65 silly installInDir      mobx: '^5.0.3',
65 silly installInDir      'mobx-react': '^5.2.3',
65 silly installInDir      react: '^16.4.1',
65 silly installInDir      'react-dom': '^16.4.1',
65 silly installInDir      'react-select': '^1.2.1' } }
66 silly getExecOpts { cwd: 'C:\\projects\\mobx-forms\\packages\\mobx-forms-material' }
67 silly installInDir [ 'npm', [ 'install' ] ]
68 silly installInDir cleanup C:\projects\mobx-forms\packages\mobx-forms-material\package.json
69 silly renameSync [ 'C:\\projects\\mobx-forms\\packages\\mobx-forms-material\\package.json.lerna_backup',
69 silly renameSync   'C:\\projects\\mobx-forms\\packages\\mobx-forms-material\\package.json' ]
70 verbose installed leaf mobx-forms-material
71 error execute callback with error
72 error Error: Command failed: npm install
72 error npm ERR! code E404
72 error npm ERR! 404 Not Found: @mobx-forms/mobx-forms-models@1.0.0
72 error
72 error npm ERR! A complete log of this run can be found in:
72 error npm ERR!     C:\Users\a.ilyin\AppData\Roaming\npm-cache\_logs\2018-06-20T11_49_01_694Z-debug.log
72 error
72 error     at Promise.all.then.arr (C:\Users\a.ilyin\AppData\Roaming\npm\node_modules\lerna\node_modules\execa\index.js:236:11)
72 error     at <anonymous>
